<?xml version="1.0" encoding="UTF-8"?>
<testsuite name="findhuman.demo.domain.HistoryRepositoryTest" tests="1" skipped="0" failures="0" errors="0" timestamp="2019-10-30T06:51:51" hostname="DESKTOP-GPK8OQ1" time="0.336">
  <properties/>
  <testcase name="findByOrderByIdDesc()" classname="findhuman.demo.domain.HistoryRepositoryTest" time="0.336"/>
  <system-out><![CDATA[15:51:46.400 [Test worker] DEBUG org.springframework.test.context.BootstrapUtils - Instantiating CacheAwareContextLoaderDelegate from class [org.springframework.test.context.cache.DefaultCacheAwareContextLoaderDelegate]
15:51:46.416 [Test worker] DEBUG org.springframework.test.context.BootstrapUtils - Instantiating BootstrapContext using constructor [public org.springframework.test.context.support.DefaultBootstrapContext(java.lang.Class,org.springframework.test.context.CacheAwareContextLoaderDelegate)]
15:51:46.442 [Test worker] DEBUG org.springframework.test.context.BootstrapUtils - Instantiating TestContextBootstrapper for test class [findhuman.demo.domain.HistoryRepositoryTest] from class [org.springframework.boot.test.context.SpringBootTestContextBootstrapper]
15:51:46.455 [Test worker] INFO org.springframework.boot.test.context.SpringBootTestContextBootstrapper - Neither @ContextConfiguration nor @ContextHierarchy found for test class [findhuman.demo.domain.HistoryRepositoryTest], using SpringBootContextLoader
15:51:46.460 [Test worker] DEBUG org.springframework.test.context.support.AbstractContextLoader - Did not detect default resource location for test class [findhuman.demo.domain.HistoryRepositoryTest]: class path resource [findhuman/demo/domain/HistoryRepositoryTest-context.xml] does not exist
15:51:46.461 [Test worker] DEBUG org.springframework.test.context.support.AbstractContextLoader - Did not detect default resource location for test class [findhuman.demo.domain.HistoryRepositoryTest]: class path resource [findhuman/demo/domain/HistoryRepositoryTestContext.groovy] does not exist
15:51:46.462 [Test worker] INFO org.springframework.test.context.support.AbstractContextLoader - Could not detect default resource locations for test class [findhuman.demo.domain.HistoryRepositoryTest]: no resource found for suffixes {-context.xml, Context.groovy}.
15:51:46.463 [Test worker] INFO org.springframework.test.context.support.AnnotationConfigContextLoaderUtils - Could not detect default configuration classes for test class [findhuman.demo.domain.HistoryRepositoryTest]: HistoryRepositoryTest does not declare any static, non-private, non-final, nested classes annotated with @Configuration.
15:51:46.511 [Test worker] DEBUG org.springframework.test.context.support.ActiveProfilesUtils - Could not find an 'annotation declaring class' for annotation type [org.springframework.test.context.ActiveProfiles] and class [findhuman.demo.domain.HistoryRepositoryTest]
15:51:46.591 [Test worker] DEBUG org.springframework.context.annotation.ClassPathScanningCandidateComponentProvider - Identified candidate component class: file [C:\findhuman\build\classes\java\main\findhuman\demo\DemoApplication.class]
15:51:46.592 [Test worker] INFO org.springframework.boot.test.context.SpringBootTestContextBootstrapper - Found @SpringBootConfiguration findhuman.demo.DemoApplication for test class findhuman.demo.domain.HistoryRepositoryTest
15:51:46.700 [Test worker] DEBUG org.springframework.boot.test.context.SpringBootTestContextBootstrapper - @TestExecutionListeners is not present for class [findhuman.demo.domain.HistoryRepositoryTest]: using defaults.
15:51:46.701 [Test worker] INFO org.springframework.boot.test.context.SpringBootTestContextBootstrapper - Loaded default TestExecutionListener class names from location [META-INF/spring.factories]: [org.springframework.boot.test.autoconfigure.restdocs.RestDocsTestExecutionListener, org.springframework.boot.test.autoconfigure.web.client.MockRestServiceServerResetTestExecutionListener, org.springframework.boot.test.autoconfigure.web.servlet.MockMvcPrintOnlyOnFailureTestExecutionListener, org.springframework.boot.test.autoconfigure.web.servlet.WebDriverTestExecutionListener, org.springframework.boot.test.mock.mockito.MockitoTestExecutionListener, org.springframework.boot.test.mock.mockito.ResetMocksTestExecutionListener, org.springframework.test.context.web.ServletTestExecutionListener, org.springframework.test.context.support.DirtiesContextBeforeModesTestExecutionListener, org.springframework.test.context.support.DependencyInjectionTestExecutionListener, org.springframework.test.context.support.DirtiesContextTestExecutionListener, org.springframework.test.context.transaction.TransactionalTestExecutionListener, org.springframework.test.context.jdbc.SqlScriptsTestExecutionListener, org.springframework.test.context.event.EventPublishingTestExecutionListener]
15:51:46.721 [Test worker] INFO org.springframework.boot.test.context.SpringBootTestContextBootstrapper - Using TestExecutionListeners: [org.springframework.test.context.web.ServletTestExecutionListener@23aa3fb6, org.springframework.test.context.support.DirtiesContextBeforeModesTestExecutionListener@2d694d6e, org.springframework.boot.test.mock.mockito.MockitoTestExecutionListener@59e9c7a8, org.springframework.boot.test.autoconfigure.SpringBootDependencyInjectionTestExecutionListener@2bf308df, org.springframework.test.context.support.DirtiesContextTestExecutionListener@59d6d598, org.springframework.test.context.transaction.TransactionalTestExecutionListener@3eb3e1f1, org.springframework.test.context.jdbc.SqlScriptsTestExecutionListener@2970b508, org.springframework.test.context.event.EventPublishingTestExecutionListener@1a76f509, org.springframework.boot.test.autoconfigure.restdocs.RestDocsTestExecutionListener@75e389ca, org.springframework.boot.test.autoconfigure.web.client.MockRestServiceServerResetTestExecutionListener@54fe52ee, org.springframework.boot.test.autoconfigure.web.servlet.MockMvcPrintOnlyOnFailureTestExecutionListener@788a658c, org.springframework.boot.test.autoconfigure.web.servlet.WebDriverTestExecutionListener@55790929, org.springframework.boot.test.mock.mockito.ResetMocksTestExecutionListener@3cbd7795]
15:51:46.726 [Test worker] DEBUG org.springframework.test.context.support.AbstractDirtiesContextTestExecutionListener - Before test class: context [DefaultTestContext@2937d387 testClass = HistoryRepositoryTest, testInstance = [null], testMethod = [null], testException = [null], mergedContextConfiguration = [WebMergedContextConfiguration@1ab89f9c testClass = HistoryRepositoryTest, locations = '{}', classes = '{class findhuman.demo.DemoApplication}', contextInitializerClasses = '[]', activeProfiles = '{}', propertySourceLocations = '{}', propertySourceProperties = '{org.springframework.boot.test.context.SpringBootTestContextBootstrapper=true}', contextCustomizers = set[org.springframework.boot.test.autoconfigure.properties.PropertyMappingContextCustomizer@0, org.springframework.boot.test.autoconfigure.web.servlet.WebDriverContextCustomizerFactory$Customizer@78822fc0, org.springframework.boot.test.context.filter.ExcludeFilterContextCustomizer@330055fd, org.springframework.boot.test.json.DuplicateJsonObjectContextCustomizerFactory$DuplicateJsonObjectContextCustomizer@5dd485c, org.springframework.boot.test.mock.mockito.MockitoContextCustomizer@0, org.springframework.boot.test.web.client.TestRestTemplateContextCustomizer@1356e11e], resourceBasePath = 'src/main/webapp', contextLoader = 'org.springframework.boot.test.context.SpringBootContextLoader', parent = [null]], attributes = map['org.springframework.test.context.web.ServletTestExecutionListener.activateListener' -> true]], class annotated with @DirtiesContext [false] with mode [null].
15:51:46.754 [Test worker] DEBUG org.springframework.test.context.support.TestPropertySourceUtils - Adding inlined properties to environment: {spring.jmx.enabled=false, org.springframework.boot.test.context.SpringBootTestContextBootstrapper=true, server.port=-1}

  .   ____          _            __ _ _
 /\\ / ___'_ __ _ _(_)_ __  __ _ \ \ \ \
( ( )\___ | '_ | '_| | '_ \/ _` | \ \ \ \
 \\/  ___)| |_)| | | | | || (_| |  ) ) ) )
  '  |____| .__|_| |_|_| |_\__, | / / / /
 =========|_|==============|___/=/_/_/_/
 :: Spring Boot ::        (v2.2.0.RELEASE)

2019-10-30 15:51:47.137  INFO 10108 --- [    Test worker] f.demo.domain.HistoryRepositoryTest      : Starting HistoryRepositoryTest on DESKTOP-GPK8OQ1 with PID 10108 (started by skdiq in C:\findhuman)
2019-10-30 15:51:47.139  INFO 10108 --- [    Test worker] f.demo.domain.HistoryRepositoryTest      : No active profile set, falling back to default profiles: default
2019-10-30 15:51:47.962  INFO 10108 --- [    Test worker] .s.d.r.c.RepositoryConfigurationDelegate : Bootstrapping Spring Data repositories in DEFAULT mode.
2019-10-30 15:51:48.042  INFO 10108 --- [    Test worker] .s.d.r.c.RepositoryConfigurationDelegate : Finished Spring Data repository scanning in 73ms. Found 2 repository interfaces.
2019-10-30 15:51:48.054  INFO 10108 --- [    Test worker] .s.d.r.c.RepositoryConfigurationDelegate : Bootstrapping Spring Data repositories in DEFAULT mode.
2019-10-30 15:51:48.076  INFO 10108 --- [    Test worker] .s.d.r.c.RepositoryConfigurationDelegate : Finished Spring Data repository scanning in 17ms. Found 2 repository interfaces.
2019-10-30 15:51:48.509  INFO 10108 --- [    Test worker] trationDelegate$BeanPostProcessorChecker : Bean 'org.springframework.transaction.annotation.ProxyTransactionManagementConfiguration' of type [org.springframework.transaction.annotation.ProxyTransactionManagementConfiguration] is not eligible for getting processed by all BeanPostProcessors (for example: not eligible for auto-proxying)
2019-10-30 15:51:48.716  INFO 10108 --- [    Test worker] com.zaxxer.hikari.HikariDataSource       : HikariPool-1 - Starting...
2019-10-30 15:51:48.809  INFO 10108 --- [    Test worker] com.zaxxer.hikari.HikariDataSource       : HikariPool-1 - Start completed.
2019-10-30 15:51:48.892  INFO 10108 --- [    Test worker] o.hibernate.jpa.internal.util.LogHelper  : HHH000204: Processing PersistenceUnitInfo [name: default]
2019-10-30 15:51:48.995  INFO 10108 --- [    Test worker] org.hibernate.Version                    : HHH000412: Hibernate Core {5.4.6.Final}
2019-10-30 15:51:49.232  INFO 10108 --- [    Test worker] o.hibernate.annotations.common.Version   : HCANN000001: Hibernate Commons Annotations {5.1.0.Final}
2019-10-30 15:51:49.414  INFO 10108 --- [    Test worker] org.hibernate.dialect.Dialect            : HHH000400: Using dialect: org.hibernate.dialect.MariaDB103Dialect
2019-10-30 15:51:50.066  INFO 10108 --- [    Test worker] o.h.e.t.j.p.i.JtaPlatformInitiator       : HHH000490: Using JtaPlatform implementation: [org.hibernate.engine.transaction.jta.platform.internal.NoJtaPlatform]
2019-10-30 15:51:50.073  INFO 10108 --- [    Test worker] j.LocalContainerEntityManagerFactoryBean : Initialized JPA EntityManagerFactory for persistence unit 'default'
2019-10-30 15:51:50.951  WARN 10108 --- [    Test worker] JpaBaseConfiguration$JpaWebConfiguration : spring.jpa.open-in-view is enabled by default. Therefore, database queries may be performed during view rendering. Explicitly configure spring.jpa.open-in-view to disable this warning
2019-10-30 15:51:51.210  INFO 10108 --- [    Test worker] o.s.s.concurrent.ThreadPoolTaskExecutor  : Initializing ExecutorService 'applicationTaskExecutor'
2019-10-30 15:51:51.694  INFO 10108 --- [    Test worker] f.demo.domain.HistoryRepositoryTest      : Started HistoryRepositoryTest in 4.93 seconds (JVM running for 6.394)
19
18
17
16
15
14
13
12
11
10
9
8
7
6
5
]]></system-out>
  <system-err><![CDATA[]]></system-err>
</testsuite>
