<?xml version="1.0" encoding="UTF-8"?>
<testsuite name="findhuman.demo.service.MemberServiceTest" tests="1" skipped="0" failures="0" errors="0" timestamp="2019-10-31T07:24:52" hostname="DESKTOP-GPK8OQ1" time="0.164">
  <properties/>
  <testcase name="getMember()" classname="findhuman.demo.service.MemberServiceTest" time="0.164"/>
  <system-out><![CDATA[16:24:47.567 [Test worker] DEBUG org.springframework.test.context.BootstrapUtils - Instantiating CacheAwareContextLoaderDelegate from class [org.springframework.test.context.cache.DefaultCacheAwareContextLoaderDelegate]
16:24:47.581 [Test worker] DEBUG org.springframework.test.context.BootstrapUtils - Instantiating BootstrapContext using constructor [public org.springframework.test.context.support.DefaultBootstrapContext(java.lang.Class,org.springframework.test.context.CacheAwareContextLoaderDelegate)]
16:24:47.604 [Test worker] DEBUG org.springframework.test.context.BootstrapUtils - Instantiating TestContextBootstrapper for test class [findhuman.demo.service.MemberServiceTest] from class [org.springframework.boot.test.context.SpringBootTestContextBootstrapper]
16:24:47.620 [Test worker] INFO org.springframework.boot.test.context.SpringBootTestContextBootstrapper - Neither @ContextConfiguration nor @ContextHierarchy found for test class [findhuman.demo.service.MemberServiceTest], using SpringBootContextLoader
16:24:47.625 [Test worker] DEBUG org.springframework.test.context.support.AbstractContextLoader - Did not detect default resource location for test class [findhuman.demo.service.MemberServiceTest]: class path resource [findhuman/demo/service/MemberServiceTest-context.xml] does not exist
16:24:47.625 [Test worker] DEBUG org.springframework.test.context.support.AbstractContextLoader - Did not detect default resource location for test class [findhuman.demo.service.MemberServiceTest]: class path resource [findhuman/demo/service/MemberServiceTestContext.groovy] does not exist
16:24:47.626 [Test worker] INFO org.springframework.test.context.support.AbstractContextLoader - Could not detect default resource locations for test class [findhuman.demo.service.MemberServiceTest]: no resource found for suffixes {-context.xml, Context.groovy}.
16:24:47.627 [Test worker] INFO org.springframework.test.context.support.AnnotationConfigContextLoaderUtils - Could not detect default configuration classes for test class [findhuman.demo.service.MemberServiceTest]: MemberServiceTest does not declare any static, non-private, non-final, nested classes annotated with @Configuration.
16:24:47.665 [Test worker] DEBUG org.springframework.test.context.support.ActiveProfilesUtils - Could not find an 'annotation declaring class' for annotation type [org.springframework.test.context.ActiveProfiles] and class [findhuman.demo.service.MemberServiceTest]
16:24:47.749 [Test worker] DEBUG org.springframework.context.annotation.ClassPathScanningCandidateComponentProvider - Identified candidate component class: file [C:\findhuman\build\classes\java\main\findhuman\demo\DemoApplication.class]
16:24:47.750 [Test worker] INFO org.springframework.boot.test.context.SpringBootTestContextBootstrapper - Found @SpringBootConfiguration findhuman.demo.DemoApplication for test class findhuman.demo.service.MemberServiceTest
16:24:47.854 [Test worker] DEBUG org.springframework.boot.test.context.SpringBootTestContextBootstrapper - @TestExecutionListeners is not present for class [findhuman.demo.service.MemberServiceTest]: using defaults.
16:24:47.854 [Test worker] INFO org.springframework.boot.test.context.SpringBootTestContextBootstrapper - Loaded default TestExecutionListener class names from location [META-INF/spring.factories]: [org.springframework.boot.test.autoconfigure.restdocs.RestDocsTestExecutionListener, org.springframework.boot.test.autoconfigure.web.client.MockRestServiceServerResetTestExecutionListener, org.springframework.boot.test.autoconfigure.web.servlet.MockMvcPrintOnlyOnFailureTestExecutionListener, org.springframework.boot.test.autoconfigure.web.servlet.WebDriverTestExecutionListener, org.springframework.boot.test.mock.mockito.MockitoTestExecutionListener, org.springframework.boot.test.mock.mockito.ResetMocksTestExecutionListener, org.springframework.test.context.web.ServletTestExecutionListener, org.springframework.test.context.support.DirtiesContextBeforeModesTestExecutionListener, org.springframework.test.context.support.DependencyInjectionTestExecutionListener, org.springframework.test.context.support.DirtiesContextTestExecutionListener, org.springframework.test.context.transaction.TransactionalTestExecutionListener, org.springframework.test.context.jdbc.SqlScriptsTestExecutionListener, org.springframework.test.context.event.EventPublishingTestExecutionListener]
16:24:47.872 [Test worker] INFO org.springframework.boot.test.context.SpringBootTestContextBootstrapper - Using TestExecutionListeners: [org.springframework.test.context.web.ServletTestExecutionListener@6671133d, org.springframework.test.context.support.DirtiesContextBeforeModesTestExecutionListener@352df427, org.springframework.boot.test.mock.mockito.MockitoTestExecutionListener@3f6c6938, org.springframework.boot.test.autoconfigure.SpringBootDependencyInjectionTestExecutionListener@59aa306b, org.springframework.test.context.support.DirtiesContextTestExecutionListener@37ac3898, org.springframework.test.context.transaction.TransactionalTestExecutionListener@6d7a7e86, org.springframework.test.context.jdbc.SqlScriptsTestExecutionListener@3103ffb8, org.springframework.test.context.event.EventPublishingTestExecutionListener@39a2b89b, org.springframework.boot.test.autoconfigure.restdocs.RestDocsTestExecutionListener@6f9c3fcf, org.springframework.boot.test.autoconfigure.web.client.MockRestServiceServerResetTestExecutionListener@51ace2f4, org.springframework.boot.test.autoconfigure.web.servlet.MockMvcPrintOnlyOnFailureTestExecutionListener@7f7c2946, org.springframework.boot.test.autoconfigure.web.servlet.WebDriverTestExecutionListener@53b62052, org.springframework.boot.test.mock.mockito.ResetMocksTestExecutionListener@5dda1fac]
16:24:47.876 [Test worker] DEBUG org.springframework.test.context.support.AbstractDirtiesContextTestExecutionListener - Before test class: context [DefaultTestContext@21dbaae5 testClass = MemberServiceTest, testInstance = [null], testMethod = [null], testException = [null], mergedContextConfiguration = [WebMergedContextConfiguration@52f346c3 testClass = MemberServiceTest, locations = '{}', classes = '{class findhuman.demo.DemoApplication}', contextInitializerClasses = '[]', activeProfiles = '{}', propertySourceLocations = '{}', propertySourceProperties = '{org.springframework.boot.test.context.SpringBootTestContextBootstrapper=true}', contextCustomizers = set[org.springframework.boot.test.autoconfigure.properties.PropertyMappingContextCustomizer@0, org.springframework.boot.test.autoconfigure.web.servlet.WebDriverContextCustomizerFactory$Customizer@5ac8b6f9, org.springframework.boot.test.context.filter.ExcludeFilterContextCustomizer@502fc23c, org.springframework.boot.test.json.DuplicateJsonObjectContextCustomizerFactory$DuplicateJsonObjectContextCustomizer@75c5b648, org.springframework.boot.test.mock.mockito.MockitoContextCustomizer@0, org.springframework.boot.test.web.client.TestRestTemplateContextCustomizer@299524ee], resourceBasePath = 'src/main/webapp', contextLoader = 'org.springframework.boot.test.context.SpringBootContextLoader', parent = [null]], attributes = map['org.springframework.test.context.web.ServletTestExecutionListener.activateListener' -> true]], class annotated with @DirtiesContext [false] with mode [null].
16:24:47.903 [Test worker] DEBUG org.springframework.test.context.support.TestPropertySourceUtils - Adding inlined properties to environment: {spring.jmx.enabled=false, org.springframework.boot.test.context.SpringBootTestContextBootstrapper=true, server.port=-1}

  .   ____          _            __ _ _
 /\\ / ___'_ __ _ _(_)_ __  __ _ \ \ \ \
( ( )\___ | '_ | '_| | '_ \/ _` | \ \ \ \
 \\/  ___)| |_)| | | | | || (_| |  ) ) ) )
  '  |____| .__|_| |_|_| |_\__, | / / / /
 =========|_|==============|___/=/_/_/_/
 :: Spring Boot ::        (v2.2.0.RELEASE)

2019-10-31 16:24:48.228  INFO 15588 --- [    Test worker] f.demo.service.MemberServiceTest         : Starting MemberServiceTest on DESKTOP-GPK8OQ1 with PID 15588 (started by skdiq in C:\findhuman)
2019-10-31 16:24:48.230  INFO 15588 --- [    Test worker] f.demo.service.MemberServiceTest         : No active profile set, falling back to default profiles: default
2019-10-31 16:24:48.997  INFO 15588 --- [    Test worker] .s.d.r.c.RepositoryConfigurationDelegate : Bootstrapping Spring Data repositories in DEFAULT mode.
2019-10-31 16:24:49.066  INFO 15588 --- [    Test worker] .s.d.r.c.RepositoryConfigurationDelegate : Finished Spring Data repository scanning in 64ms. Found 2 repository interfaces.
2019-10-31 16:24:49.078  INFO 15588 --- [    Test worker] .s.d.r.c.RepositoryConfigurationDelegate : Bootstrapping Spring Data repositories in DEFAULT mode.
2019-10-31 16:24:49.098  INFO 15588 --- [    Test worker] .s.d.r.c.RepositoryConfigurationDelegate : Finished Spring Data repository scanning in 16ms. Found 2 repository interfaces.
2019-10-31 16:24:49.436  INFO 15588 --- [    Test worker] trationDelegate$BeanPostProcessorChecker : Bean 'org.springframework.transaction.annotation.ProxyTransactionManagementConfiguration' of type [org.springframework.transaction.annotation.ProxyTransactionManagementConfiguration] is not eligible for getting processed by all BeanPostProcessors (for example: not eligible for auto-proxying)
2019-10-31 16:24:49.624  INFO 15588 --- [    Test worker] com.zaxxer.hikari.HikariDataSource       : HikariPool-1 - Starting...
2019-10-31 16:24:49.697  INFO 15588 --- [    Test worker] com.zaxxer.hikari.HikariDataSource       : HikariPool-1 - Start completed.
2019-10-31 16:24:49.759  INFO 15588 --- [    Test worker] o.hibernate.jpa.internal.util.LogHelper  : HHH000204: Processing PersistenceUnitInfo [name: default]
2019-10-31 16:24:49.830  INFO 15588 --- [    Test worker] org.hibernate.Version                    : HHH000412: Hibernate Core {5.4.6.Final}
2019-10-31 16:24:50.003  INFO 15588 --- [    Test worker] o.hibernate.annotations.common.Version   : HCANN000001: Hibernate Commons Annotations {5.1.0.Final}
2019-10-31 16:24:50.136  INFO 15588 --- [    Test worker] org.hibernate.dialect.Dialect            : HHH000400: Using dialect: org.hibernate.dialect.MariaDB103Dialect
2019-10-31 16:24:50.765  INFO 15588 --- [    Test worker] o.h.e.t.j.p.i.JtaPlatformInitiator       : HHH000490: Using JtaPlatform implementation: [org.hibernate.engine.transaction.jta.platform.internal.NoJtaPlatform]
2019-10-31 16:24:50.771  INFO 15588 --- [    Test worker] j.LocalContainerEntityManagerFactoryBean : Initialized JPA EntityManagerFactory for persistence unit 'default'
2019-10-31 16:24:51.391  WARN 15588 --- [    Test worker] JpaBaseConfiguration$JpaWebConfiguration : spring.jpa.open-in-view is enabled by default. Therefore, database queries may be performed during view rendering. Explicitly configure spring.jpa.open-in-view to disable this warning
2019-10-31 16:24:51.650  INFO 15588 --- [    Test worker] o.s.s.concurrent.ThreadPoolTaskExecutor  : Initializing ExecutorService 'applicationTaskExecutor'
2019-10-31 16:24:52.162  INFO 15588 --- [    Test worker] f.demo.service.MemberServiceTest         : Started MemberServiceTest in 4.247 seconds (JVM running for 5.508)
]]></system-out>
  <system-err><![CDATA[]]></system-err>
</testsuite>
